<?xml version="1.0" encoding="UTF-8"?>
<!-- Generated by org.testng.reporters.JUnitXMLReporter -->
<testsuite ignored="0" hostname="LTIN522537" failures="0" tests="20" name="chometest" time="35.227" errors="0" timestamp="2025-01-18T18:49:17 IST">
  <testcase classname="testpack.TestClass" name="openWebsite" time="1.04"/>
  <testcase classname="testpack.TestClass" name="validateUrl" time="0.081"/>
  <testcase classname="testpack.TestClass" name="validateLogo" time="0.038"/>
  <testcase classname="testpack.TestClass" name="validateSearchBox" time="0.048"/>
  <testcase classname="testpack.TestClass" name="searchBikes" time="0.429"/>
  <testcase classname="testpack.TestClass" name="visitBikeLink" time="0.335"/>
  <testcase classname="testpack.TestClass" name="clickReadMoreOption" time="0.099"/>
  <testcase classname="testpack.TestClass" name="validateViewMoreOption" time="0.037"/>
  <testcase classname="testpack.TestClass" name="getBikeDetails" time="0.34"/>
  <testcase classname="testpack.TestClass" name="writeBikeData" time="1.218"/>
  <testcase classname="testpack.TestClass" name="returnToHome" time="0.855"/>
  <testcase classname="testpack.TestClass" name="searchCar" time="0.878"/>
  <testcase classname="testpack.TestClass" name="visitCarLink" time="1.391"/>
  <testcase classname="testpack.TestClass" name="getCarDetails" time="0.291"/>
  <testcase classname="testpack.TestClass" name="writeCarData" time="0.097"/>
  <testcase classname="testpack.TestClass" name="goToMain" time="1.113"/>
  <testcase classname="testpack.TestClass" name="s" time="3.967"/>
  <testcase classname="testpack.TestClass" name="selectGoogleButton" time="6.185"/>
  <testcase classname="testpack.TestClass" name="tryInvalidLogin" time="3.168"/>
  <testcase classname="testpack.TestClass" name="captureErrorMessage" time="2.064"/>
</testsuite> <!-- chometest -->
