<?xml version="1.0" encoding="UTF-8"?>
<!-- Generated by org.testng.reporters.JUnitXMLReporter -->
<testsuite ignored="0" hostname="LTIN522537" failures="0" tests="20" name="edgetest" time="86.385" errors="0" timestamp="2025-01-18T18:50:44 IST">
  <testcase classname="testpack.TestClass" name="openWebsite" time="2.158"/>
  <testcase classname="testpack.TestClass" name="validateUrl" time="0.904"/>
  <testcase classname="testpack.TestClass" name="validateLogo" time="0.973"/>
  <testcase classname="testpack.TestClass" name="validateSearchBox" time="0.124"/>
  <testcase classname="testpack.TestClass" name="searchBikes" time="17.007"/>
  <testcase classname="testpack.TestClass" name="visitBikeLink" time="3.542"/>
  <testcase classname="testpack.TestClass" name="clickReadMoreOption" time="0.16"/>
  <testcase classname="testpack.TestClass" name="validateViewMoreOption" time="0.093"/>
  <testcase classname="testpack.TestClass" name="getBikeDetails" time="1.194"/>
  <testcase classname="testpack.TestClass" name="writeBikeData" time="0.041"/>
  <testcase classname="testpack.TestClass" name="returnToHome" time="1.668"/>
  <testcase classname="testpack.TestClass" name="searchCar" time="5.167"/>
  <testcase classname="testpack.TestClass" name="visitCarLink" time="7.739"/>
  <testcase classname="testpack.TestClass" name="getCarDetails" time="1.427"/>
  <testcase classname="testpack.TestClass" name="writeCarData" time="0.057"/>
  <testcase classname="testpack.TestClass" name="goToMain" time="1.777"/>
  <testcase classname="testpack.TestClass" name="s" time="11.218"/>
  <testcase classname="testpack.TestClass" name="selectGoogleButton" time="6.219"/>
  <testcase classname="testpack.TestClass" name="tryInvalidLogin" time="2.684"/>
  <testcase classname="testpack.TestClass" name="captureErrorMessage" time="2.082"/>
</testsuite> <!-- edgetest -->
