<?xml version="1.0" encoding="UTF-8"?>
<testng-results ignored="0" total="40" passed="40" failed="0" skipped="0">
  <reporter-output>
  </reporter-output>
  <suite started-at="2025-01-18T18:48:42 IST" name="Suite" finished-at="2025-01-18T18:50:44 IST" duration-ms="121634">
    <groups>
    </groups>
    <test started-at="2025-01-18T18:48:42 IST" name="chometest" finished-at="2025-01-18T18:49:17 IST" duration-ms="35227">
      <class name="testpack.TestClass">
        <test-method is-config="true" signature="setupDriver(java.lang.String)[pri:0, instance:testpack.TestClass@169bb4dd]" started-at="2025-01-18T18:48:42 IST" name="setupDriver" finished-at="2025-01-18T18:48:48 IST" duration-ms="5421" status="PASS">
          <params>
            <param index="0">
              <value>
                <![CDATA[Chrome]]>
              </value>
            </param>
          </params>
          <reporter-output>
          </reporter-output>
        </test-method> <!-- setupDriver -->
        <test-method signature="openWebsite()[pri:1, instance:testpack.TestClass@169bb4dd]" started-at="2025-01-18T18:48:48 IST" name="openWebsite" finished-at="2025-01-18T18:48:49 IST" duration-ms="1040" status="PASS">
          <reporter-output>
          </reporter-output>
        </test-method> <!-- openWebsite -->
        <test-method signature="validateUrl()[pri:2, instance:testpack.TestClass@169bb4dd]" started-at="2025-01-18T18:48:49 IST" name="validateUrl" finished-at="2025-01-18T18:48:49 IST" duration-ms="81" status="PASS">
          <reporter-output>
          </reporter-output>
        </test-method> <!-- validateUrl -->
        <test-method signature="validateLogo()[pri:3, instance:testpack.TestClass@169bb4dd]" started-at="2025-01-18T18:48:49 IST" name="validateLogo" finished-at="2025-01-18T18:48:49 IST" depends-on-methods="testpack.TestClass.openWebsite" duration-ms="38" status="PASS">
          <reporter-output>
          </reporter-output>
        </test-method> <!-- validateLogo -->
        <test-method signature="validateSearchBox()[pri:4, instance:testpack.TestClass@169bb4dd]" started-at="2025-01-18T18:48:49 IST" name="validateSearchBox" finished-at="2025-01-18T18:48:49 IST" duration-ms="48" status="PASS">
          <reporter-output>
          </reporter-output>
        </test-method> <!-- validateSearchBox -->
        <test-method signature="searchBikes()[pri:5, instance:testpack.TestClass@169bb4dd]" started-at="2025-01-18T18:48:49 IST" name="searchBikes" finished-at="2025-01-18T18:48:49 IST" depends-on-methods="testpack.TestClass.validateSearchBox" duration-ms="429" status="PASS">
          <reporter-output>
          </reporter-output>
        </test-method> <!-- searchBikes -->
        <test-method signature="visitBikeLink()[pri:6, instance:testpack.TestClass@169bb4dd]" started-at="2025-01-18T18:48:49 IST" name="visitBikeLink" finished-at="2025-01-18T18:48:50 IST" depends-on-methods="testpack.TestClass.searchBikes" duration-ms="335" status="PASS">
          <reporter-output>
          </reporter-output>
        </test-method> <!-- visitBikeLink -->
        <test-method signature="clickReadMoreOption()[pri:7, instance:testpack.TestClass@169bb4dd]" started-at="2025-01-18T18:48:50 IST" name="clickReadMoreOption" finished-at="2025-01-18T18:48:50 IST" duration-ms="99" status="PASS">
          <reporter-output>
          </reporter-output>
        </test-method> <!-- clickReadMoreOption -->
        <test-method signature="validateViewMoreOption()[pri:8, instance:testpack.TestClass@169bb4dd]" started-at="2025-01-18T18:48:50 IST" name="validateViewMoreOption" finished-at="2025-01-18T18:48:50 IST" depends-on-methods="testpack.TestClass.clickReadMoreOption" duration-ms="37" status="PASS">
          <reporter-output>
          </reporter-output>
        </test-method> <!-- validateViewMoreOption -->
        <test-method signature="getBikeDetails()[pri:9, instance:testpack.TestClass@169bb4dd]" started-at="2025-01-18T18:48:50 IST" name="getBikeDetails" finished-at="2025-01-18T18:48:50 IST" depends-on-methods="testpack.TestClass.validateViewMoreOption" duration-ms="340" status="PASS">
          <reporter-output>
          </reporter-output>
        </test-method> <!-- getBikeDetails -->
        <test-method signature="writeBikeData()[pri:10, instance:testpack.TestClass@169bb4dd]" started-at="2025-01-18T18:48:50 IST" name="writeBikeData" finished-at="2025-01-18T18:48:51 IST" depends-on-methods="testpack.TestClass.getBikeDetails" duration-ms="1218" status="PASS">
          <reporter-output>
          </reporter-output>
        </test-method> <!-- writeBikeData -->
        <test-method signature="returnToHome()[pri:11, instance:testpack.TestClass@169bb4dd]" started-at="2025-01-18T18:48:51 IST" name="returnToHome" finished-at="2025-01-18T18:48:52 IST" duration-ms="855" status="PASS">
          <reporter-output>
          </reporter-output>
        </test-method> <!-- returnToHome -->
        <test-method signature="searchCar()[pri:12, instance:testpack.TestClass@169bb4dd]" started-at="2025-01-18T18:48:52 IST" name="searchCar" finished-at="2025-01-18T18:48:53 IST" duration-ms="878" status="PASS">
          <reporter-output>
          </reporter-output>
        </test-method> <!-- searchCar -->
        <test-method signature="visitCarLink()[pri:13, instance:testpack.TestClass@169bb4dd]" started-at="2025-01-18T18:48:53 IST" name="visitCarLink" finished-at="2025-01-18T18:48:54 IST" depends-on-methods="testpack.TestClass.searchCar" duration-ms="1391" status="PASS">
          <reporter-output>
          </reporter-output>
        </test-method> <!-- visitCarLink -->
        <test-method signature="getCarDetails()[pri:14, instance:testpack.TestClass@169bb4dd]" started-at="2025-01-18T18:48:54 IST" name="getCarDetails" finished-at="2025-01-18T18:48:55 IST" duration-ms="291" status="PASS">
          <reporter-output>
          </reporter-output>
        </test-method> <!-- getCarDetails -->
        <test-method signature="writeCarData()[pri:15, instance:testpack.TestClass@169bb4dd]" started-at="2025-01-18T18:48:55 IST" name="writeCarData" finished-at="2025-01-18T18:48:55 IST" depends-on-methods="testpack.TestClass.getCarDetails" duration-ms="97" status="PASS">
          <reporter-output>
          </reporter-output>
        </test-method> <!-- writeCarData -->
        <test-method signature="goToMain()[pri:16, instance:testpack.TestClass@169bb4dd]" started-at="2025-01-18T18:48:55 IST" name="goToMain" finished-at="2025-01-18T18:48:56 IST" duration-ms="1113" status="PASS">
          <reporter-output>
          </reporter-output>
        </test-method> <!-- goToMain -->
        <test-method signature="s()[pri:17, instance:testpack.TestClass@169bb4dd]" started-at="2025-01-18T18:48:56 IST" name="s" finished-at="2025-01-18T18:49:00 IST" duration-ms="3967" status="PASS">
          <reporter-output>
          </reporter-output>
        </test-method> <!-- s -->
        <test-method signature="selectGoogleButton()[pri:18, instance:testpack.TestClass@169bb4dd]" started-at="2025-01-18T18:49:00 IST" name="selectGoogleButton" finished-at="2025-01-18T18:49:06 IST" duration-ms="6185" status="PASS">
          <reporter-output>
          </reporter-output>
        </test-method> <!-- selectGoogleButton -->
        <test-method signature="tryInvalidLogin()[pri:19, instance:testpack.TestClass@169bb4dd]" started-at="2025-01-18T18:49:06 IST" name="tryInvalidLogin" finished-at="2025-01-18T18:49:09 IST" depends-on-methods="testpack.TestClass.selectGoogleButton" duration-ms="3168" status="PASS">
          <reporter-output>
          </reporter-output>
        </test-method> <!-- tryInvalidLogin -->
        <test-method signature="captureErrorMessage()[pri:20, instance:testpack.TestClass@169bb4dd]" started-at="2025-01-18T18:49:09 IST" name="captureErrorMessage" finished-at="2025-01-18T18:49:11 IST" depends-on-methods="testpack.TestClass.tryInvalidLogin" duration-ms="2064" status="PASS">
          <reporter-output>
          </reporter-output>
        </test-method> <!-- captureErrorMessage -->
        <test-method is-config="true" signature="closeBrowser()[pri:0, instance:testpack.TestClass@169bb4dd]" started-at="2025-01-18T18:49:11 IST" name="closeBrowser" finished-at="2025-01-18T18:49:17 IST" duration-ms="6020" status="PASS">
          <reporter-output>
          </reporter-output>
        </test-method> <!-- closeBrowser -->
      </class> <!-- testpack.TestClass -->
    </test> <!-- chometest -->
    <test started-at="2025-01-18T18:49:17 IST" name="edgetest" finished-at="2025-01-18T18:50:44 IST" duration-ms="86385">
      <class name="testpack.TestClass">
        <test-method is-config="true" signature="setupDriver(java.lang.String)[pri:0, instance:testpack.TestClass@18f8cd79]" started-at="2025-01-18T18:49:17 IST" name="setupDriver" finished-at="2025-01-18T18:49:28 IST" duration-ms="10757" status="PASS">
          <params>
            <param index="0">
              <value>
                <![CDATA[Edge]]>
              </value>
            </param>
          </params>
          <reporter-output>
          </reporter-output>
        </test-method> <!-- setupDriver -->
        <test-method signature="openWebsite()[pri:1, instance:testpack.TestClass@18f8cd79]" started-at="2025-01-18T18:49:28 IST" name="openWebsite" finished-at="2025-01-18T18:49:30 IST" duration-ms="2158" status="PASS">
          <reporter-output>
          </reporter-output>
        </test-method> <!-- openWebsite -->
        <test-method signature="validateUrl()[pri:2, instance:testpack.TestClass@18f8cd79]" started-at="2025-01-18T18:49:30 IST" name="validateUrl" finished-at="2025-01-18T18:49:31 IST" duration-ms="904" status="PASS">
          <reporter-output>
          </reporter-output>
        </test-method> <!-- validateUrl -->
        <test-method signature="validateLogo()[pri:3, instance:testpack.TestClass@18f8cd79]" started-at="2025-01-18T18:49:31 IST" name="validateLogo" finished-at="2025-01-18T18:49:32 IST" depends-on-methods="testpack.TestClass.openWebsite" duration-ms="973" status="PASS">
          <reporter-output>
          </reporter-output>
        </test-method> <!-- validateLogo -->
        <test-method signature="validateSearchBox()[pri:4, instance:testpack.TestClass@18f8cd79]" started-at="2025-01-18T18:49:32 IST" name="validateSearchBox" finished-at="2025-01-18T18:49:32 IST" duration-ms="124" status="PASS">
          <reporter-output>
          </reporter-output>
        </test-method> <!-- validateSearchBox -->
        <test-method signature="searchBikes()[pri:5, instance:testpack.TestClass@18f8cd79]" started-at="2025-01-18T18:49:32 IST" name="searchBikes" finished-at="2025-01-18T18:49:49 IST" depends-on-methods="testpack.TestClass.validateSearchBox" duration-ms="17007" status="PASS">
          <reporter-output>
          </reporter-output>
        </test-method> <!-- searchBikes -->
        <test-method signature="visitBikeLink()[pri:6, instance:testpack.TestClass@18f8cd79]" started-at="2025-01-18T18:49:49 IST" name="visitBikeLink" finished-at="2025-01-18T18:49:53 IST" depends-on-methods="testpack.TestClass.searchBikes" duration-ms="3542" status="PASS">
          <reporter-output>
          </reporter-output>
        </test-method> <!-- visitBikeLink -->
        <test-method signature="clickReadMoreOption()[pri:7, instance:testpack.TestClass@18f8cd79]" started-at="2025-01-18T18:49:53 IST" name="clickReadMoreOption" finished-at="2025-01-18T18:49:53 IST" duration-ms="160" status="PASS">
          <reporter-output>
          </reporter-output>
        </test-method> <!-- clickReadMoreOption -->
        <test-method signature="validateViewMoreOption()[pri:8, instance:testpack.TestClass@18f8cd79]" started-at="2025-01-18T18:49:53 IST" name="validateViewMoreOption" finished-at="2025-01-18T18:49:53 IST" depends-on-methods="testpack.TestClass.clickReadMoreOption" duration-ms="93" status="PASS">
          <reporter-output>
          </reporter-output>
        </test-method> <!-- validateViewMoreOption -->
        <test-method signature="getBikeDetails()[pri:9, instance:testpack.TestClass@18f8cd79]" started-at="2025-01-18T18:49:53 IST" name="getBikeDetails" finished-at="2025-01-18T18:49:54 IST" depends-on-methods="testpack.TestClass.validateViewMoreOption" duration-ms="1194" status="PASS">
          <reporter-output>
          </reporter-output>
        </test-method> <!-- getBikeDetails -->
        <test-method signature="writeBikeData()[pri:10, instance:testpack.TestClass@18f8cd79]" started-at="2025-01-18T18:49:54 IST" name="writeBikeData" finished-at="2025-01-18T18:49:54 IST" depends-on-methods="testpack.TestClass.getBikeDetails" duration-ms="41" status="PASS">
          <reporter-output>
          </reporter-output>
        </test-method> <!-- writeBikeData -->
        <test-method signature="returnToHome()[pri:11, instance:testpack.TestClass@18f8cd79]" started-at="2025-01-18T18:49:54 IST" name="returnToHome" finished-at="2025-01-18T18:49:56 IST" duration-ms="1668" status="PASS">
          <reporter-output>
          </reporter-output>
        </test-method> <!-- returnToHome -->
        <test-method signature="searchCar()[pri:12, instance:testpack.TestClass@18f8cd79]" started-at="2025-01-18T18:49:56 IST" name="searchCar" finished-at="2025-01-18T18:50:01 IST" duration-ms="5167" status="PASS">
          <reporter-output>
          </reporter-output>
        </test-method> <!-- searchCar -->
        <test-method signature="visitCarLink()[pri:13, instance:testpack.TestClass@18f8cd79]" started-at="2025-01-18T18:50:01 IST" name="visitCarLink" finished-at="2025-01-18T18:50:09 IST" depends-on-methods="testpack.TestClass.searchCar" duration-ms="7739" status="PASS">
          <reporter-output>
          </reporter-output>
        </test-method> <!-- visitCarLink -->
        <test-method signature="getCarDetails()[pri:14, instance:testpack.TestClass@18f8cd79]" started-at="2025-01-18T18:50:09 IST" name="getCarDetails" finished-at="2025-01-18T18:50:10 IST" duration-ms="1427" status="PASS">
          <reporter-output>
          </reporter-output>
        </test-method> <!-- getCarDetails -->
        <test-method signature="writeCarData()[pri:15, instance:testpack.TestClass@18f8cd79]" started-at="2025-01-18T18:50:10 IST" name="writeCarData" finished-at="2025-01-18T18:50:10 IST" depends-on-methods="testpack.TestClass.getCarDetails" duration-ms="57" status="PASS">
          <reporter-output>
          </reporter-output>
        </test-method> <!-- writeCarData -->
        <test-method signature="goToMain()[pri:16, instance:testpack.TestClass@18f8cd79]" started-at="2025-01-18T18:50:10 IST" name="goToMain" finished-at="2025-01-18T18:50:12 IST" duration-ms="1777" status="PASS">
          <reporter-output>
          </reporter-output>
        </test-method> <!-- goToMain -->
        <test-method signature="s()[pri:17, instance:testpack.TestClass@18f8cd79]" started-at="2025-01-18T18:50:12 IST" name="s" finished-at="2025-01-18T18:50:23 IST" duration-ms="11218" status="PASS">
          <reporter-output>
          </reporter-output>
        </test-method> <!-- s -->
        <test-method signature="selectGoogleButton()[pri:18, instance:testpack.TestClass@18f8cd79]" started-at="2025-01-18T18:50:23 IST" name="selectGoogleButton" finished-at="2025-01-18T18:50:30 IST" duration-ms="6219" status="PASS">
          <reporter-output>
          </reporter-output>
        </test-method> <!-- selectGoogleButton -->
        <test-method signature="tryInvalidLogin()[pri:19, instance:testpack.TestClass@18f8cd79]" started-at="2025-01-18T18:50:30 IST" name="tryInvalidLogin" finished-at="2025-01-18T18:50:32 IST" depends-on-methods="testpack.TestClass.selectGoogleButton" duration-ms="2684" status="PASS">
          <reporter-output>
          </reporter-output>
        </test-method> <!-- tryInvalidLogin -->
        <test-method signature="captureErrorMessage()[pri:20, instance:testpack.TestClass@18f8cd79]" started-at="2025-01-18T18:50:32 IST" name="captureErrorMessage" finished-at="2025-01-18T18:50:34 IST" depends-on-methods="testpack.TestClass.tryInvalidLogin" duration-ms="2082" status="PASS">
          <reporter-output>
          </reporter-output>
        </test-method> <!-- captureErrorMessage -->
        <test-method is-config="true" signature="closeBrowser()[pri:0, instance:testpack.TestClass@18f8cd79]" started-at="2025-01-18T18:50:34 IST" name="closeBrowser" finished-at="2025-01-18T18:50:44 IST" duration-ms="9341" status="PASS">
          <reporter-output>
          </reporter-output>
        </test-method> <!-- closeBrowser -->
      </class> <!-- testpack.TestClass -->
    </test> <!-- edgetest -->
  </suite> <!-- Suite -->
</testng-results>
